{
  "stats": {
    "suites": 1,
    "tests": 1,
    "passes": 1,
    "pending": 0,
    "failures": 0,
    "start": "2019-12-31T02:55:10.443Z",
    "end": "2019-12-31T02:55:10.508Z",
    "duration": 65,
    "testsRegistered": 1,
    "passPercent": 100,
    "pendingPercent": 0,
    "other": 0,
    "hasOther": false,
    "skipped": 0,
    "hasSkipped": false
  },
  "results": [
    {
      "uuid": "6680eb69-0362-4be7-b7e5-9c7ad7c25757",
      "title": "",
      "fullFile": "",
      "file": "",
      "beforeHooks": [],
      "afterHooks": [],
      "tests": [],
      "suites": [
        {
          "uuid": "8f43038c-1b50-407c-9bf9-0717a7f70d84",
          "title": "Node 接口测试",
          "fullFile": "/Users/free_wd/Documents/GitHub/JS_DEMO/code-练手/05-node-mvc-demo/tests/service/service.spec.js",
          "file": "/tests/service/service.spec.js",
          "beforeHooks": [],
          "afterHooks": [],
          "tests": [
            {
              "title": "/home接口测试",
              "fullTitle": "Node 接口测试 /home接口测试",
              "timedOut": false,
              "duration": 53,
              "state": "passed",
              "speed": "medium",
              "pass": true,
              "fail": false,
              "pending": false,
              "context": null,
              "code": "request()\n  .get(\"/home\")\n  .expect(200)\n  .expect(\"Content-Type\", /html/)\n  .end(function(err, res) {\n    if (err) {\n      done(err);\n    }\n    done();\n  });",
              "err": {},
              "uuid": "9609828d-4db4-4e22-8e7a-bf3bc2118e87",
              "parentUUID": "8f43038c-1b50-407c-9bf9-0717a7f70d84",
              "isHook": false,
              "skipped": false
            }
          ],
          "suites": [],
          "passes": [
            "9609828d-4db4-4e22-8e7a-bf3bc2118e87"
          ],
          "failures": [],
          "pending": [],
          "skipped": [],
          "duration": 53,
          "root": false,
          "rootEmpty": false,
          "_timeout": 2000
        }
      ],
      "passes": [],
      "failures": [],
      "pending": [],
      "skipped": [],
      "duration": 0,
      "root": true,
      "rootEmpty": true,
      "_timeout": 2000
    }
  ],
  "meta": {
    "mocha": {
      "version": "6.2.2"
    },
    "mochawesome": {
      "options": {
        "quiet": false,
        "reportFilename": "mochawesome",
        "saveHtml": true,
        "saveJson": true,
        "consoleReporter": "spec",
        "useInlineDiffs": false
      },
      "version": "4.1.0"
    },
    "marge": {
      "options": {
        "reportDir": "./coverage/mochawesome-report"
      },
      "version": "4.1.0"
    }
  }
}